2022-04-22 11:09:38,756:INFO: Loading the datasets...
2022-04-22 11:09:38,784:INFO: - done.
2022-04-22 11:09:38,908:INFO: Starting training for 10 epoch(s)
2022-04-22 11:09:38,908:INFO: Epoch 1/10
2022-04-22 11:12:52,160:INFO: Loading the datasets...
2022-04-22 11:12:52,181:INFO: - done.
2022-04-22 11:12:52,187:INFO: Starting training for 10 epoch(s)
2022-04-22 11:12:52,187:INFO: Epoch 1/10
2022-04-22 11:14:57,293:INFO: Loading the datasets...
2022-04-22 11:14:57,316:INFO: - done.
2022-04-22 11:14:57,319:INFO: Starting training for 10 epoch(s)
2022-04-22 11:14:57,319:INFO: Epoch 1/10
2022-04-22 11:14:59,388:INFO: - Train metrics: accuracy: 0.772 ; loss: 0.533
2022-04-22 11:14:59,437:INFO: - Eval metrics : accuracy: 0.845 ; loss: 0.386
2022-04-22 11:14:59,472:INFO: - Found new best accuracy
2022-04-22 11:14:59,476:INFO: Epoch 2/10
2022-04-22 11:15:01,029:INFO: - Train metrics: accuracy: 0.846 ; loss: 0.362
2022-04-22 11:15:01,076:INFO: - Eval metrics : accuracy: 0.849 ; loss: 0.345
2022-04-22 11:15:01,084:INFO: - Found new best accuracy
2022-04-22 11:15:01,085:INFO: Epoch 3/10
2022-04-22 11:15:02,502:INFO: - Train metrics: accuracy: 0.863 ; loss: 0.316
2022-04-22 11:15:02,550:INFO: - Eval metrics : accuracy: 0.854 ; loss: 0.318
2022-04-22 11:15:02,562:INFO: - Found new best accuracy
2022-04-22 11:15:02,563:INFO: Epoch 4/10
2022-04-22 11:15:04,058:INFO: - Train metrics: accuracy: 0.870 ; loss: 0.269
2022-04-22 11:15:04,104:INFO: - Eval metrics : accuracy: 0.858 ; loss: 0.300
2022-04-22 11:15:04,115:INFO: - Found new best accuracy
2022-04-22 11:15:04,115:INFO: Epoch 5/10
2022-04-22 11:15:05,827:INFO: - Train metrics: accuracy: 0.924 ; loss: 0.224
2022-04-22 11:15:05,882:INFO: - Eval metrics : accuracy: 0.863 ; loss: 0.290
2022-04-22 11:15:05,897:INFO: - Found new best accuracy
2022-04-22 11:15:05,897:INFO: Epoch 6/10
2022-04-22 11:15:07,783:INFO: - Train metrics: accuracy: 0.934 ; loss: 0.180
2022-04-22 11:15:07,818:INFO: - Eval metrics : accuracy: 0.866 ; loss: 0.288
2022-04-22 11:15:07,828:INFO: - Found new best accuracy
2022-04-22 11:15:07,829:INFO: Epoch 7/10
2022-04-22 11:15:09,458:INFO: - Train metrics: accuracy: 0.940 ; loss: 0.142
2022-04-22 11:15:09,502:INFO: - Eval metrics : accuracy: 0.866 ; loss: 0.294
2022-04-22 11:15:09,508:INFO: Epoch 8/10
2022-04-22 11:15:10,928:INFO: - Train metrics: accuracy: 0.950 ; loss: 0.112
2022-04-22 11:15:10,983:INFO: - Eval metrics : accuracy: 0.865 ; loss: 0.306
2022-04-22 11:15:10,991:INFO: Epoch 9/10
2022-04-22 11:15:12,413:INFO: - Train metrics: accuracy: 0.958 ; loss: 0.091
2022-04-22 11:15:12,464:INFO: - Eval metrics : accuracy: 0.868 ; loss: 0.323
2022-04-22 11:15:12,473:INFO: - Found new best accuracy
2022-04-22 11:15:12,474:INFO: Epoch 10/10
2022-04-22 11:15:13,875:INFO: - Train metrics: accuracy: 0.964 ; loss: 0.074
2022-04-22 11:15:13,929:INFO: - Eval metrics : accuracy: 0.866 ; loss: 0.344
2022-04-22 12:41:25,191:INFO: Loading the datasets...
2022-04-22 12:41:25,204:INFO: - done.
2022-04-22 12:41:25,206:INFO: Starting training for 10 epoch(s)
2022-04-22 12:41:25,207:INFO: Epoch 1/10
2022-04-22 12:41:26,721:INFO: - Train metrics: accuracy: 0.772 ; loss: 0.533
2022-04-22 12:41:26,772:INFO: - Eval metrics : accuracy: 0.845 ; loss: 0.386
2022-04-22 12:41:26,810:INFO: - Found new best accuracy
2022-04-22 12:41:26,817:INFO: Epoch 2/10
2022-04-22 12:41:28,458:INFO: - Train metrics: accuracy: 0.846 ; loss: 0.362
2022-04-22 12:41:28,510:INFO: - Eval metrics : accuracy: 0.849 ; loss: 0.345
2022-04-22 12:41:28,519:INFO: - Found new best accuracy
2022-04-22 12:41:28,523:INFO: Epoch 3/10
2022-04-22 12:41:30,253:INFO: - Train metrics: accuracy: 0.863 ; loss: 0.316
2022-04-22 12:41:30,334:INFO: - Eval metrics : accuracy: 0.854 ; loss: 0.318
2022-04-22 12:41:30,349:INFO: - Found new best accuracy
2022-04-22 12:41:30,351:INFO: Epoch 4/10
2022-04-22 12:41:32,020:INFO: - Train metrics: accuracy: 0.870 ; loss: 0.269
2022-04-22 12:41:32,070:INFO: - Eval metrics : accuracy: 0.858 ; loss: 0.300
2022-04-22 12:41:32,140:INFO: - Found new best accuracy
2022-04-22 12:41:32,143:INFO: Epoch 5/10
2022-04-22 12:41:33,170:INFO: - Train metrics: accuracy: 0.924 ; loss: 0.224
2022-04-22 12:41:33,205:INFO: - Eval metrics : accuracy: 0.863 ; loss: 0.290
2022-04-22 12:41:33,214:INFO: - Found new best accuracy
2022-04-22 12:41:33,215:INFO: Epoch 6/10
2022-04-22 12:41:35,253:INFO: - Train metrics: accuracy: 0.934 ; loss: 0.180
2022-04-22 12:41:35,315:INFO: - Eval metrics : accuracy: 0.866 ; loss: 0.288
2022-04-22 12:41:35,330:INFO: - Found new best accuracy
2022-04-22 12:41:35,331:INFO: Epoch 7/10
2022-04-22 12:41:37,264:INFO: - Train metrics: accuracy: 0.940 ; loss: 0.142
2022-04-22 12:41:37,434:INFO: - Eval metrics : accuracy: 0.866 ; loss: 0.294
2022-04-22 12:41:37,444:INFO: Epoch 8/10
2022-04-22 12:41:39,350:INFO: - Train metrics: accuracy: 0.950 ; loss: 0.112
2022-04-22 12:41:39,385:INFO: - Eval metrics : accuracy: 0.865 ; loss: 0.306
2022-04-22 12:41:39,393:INFO: Epoch 9/10
2022-04-22 12:41:41,193:INFO: - Train metrics: accuracy: 0.958 ; loss: 0.091
2022-04-22 12:41:41,228:INFO: - Eval metrics : accuracy: 0.868 ; loss: 0.323
2022-04-22 12:41:41,239:INFO: - Found new best accuracy
2022-04-22 12:41:41,240:INFO: Epoch 10/10
2022-04-22 12:41:42,283:INFO: - Train metrics: accuracy: 0.964 ; loss: 0.074
2022-04-22 12:41:42,317:INFO: - Eval metrics : accuracy: 0.866 ; loss: 0.344
